<?xml version="1.0" encoding="UTF-8"?>
<testsuite name="com.browserstack.tests.mobile.ios.IOSSearchTests" tests="1" skipped="0" failures="0" errors="0" timestamp="2023-02-07T08:27:53" hostname="DESKTOP-KI4MSLG" time="44.375">
  <properties/>
  <testcase name="checkOutputTextTest()" classname="com.browserstack.tests.mobile.ios.IOSSearchTests" time="44.375"/>
  <system-out><![CDATA[Сюда доходит
iPhone 14 Pro Max
TYT+
TYT TOTHE +
Request method:	GET
Request URI:	https://api.browserstack.com/app-automate/sessions/45be2aaf08d76197a3e2b0aa7bae446c6306d0e4.json
Proxy:			<none>
Request params:	<none>
Query params:	<none>
Form params:	<none>
Path params:	<none>
Headers:		Accept=*/*
Cookies:		<none>
Multiparts:		<none>
Body:			<none>
]]></system-out>
  <system-err><![CDATA[февр. 07, 2023 11:27:54 AM org.openqa.selenium.remote.tracing.opentelemetry.OpenTelemetryTracer createTracer
INFO: Using OpenTelemetry for tracing
февр. 07, 2023 11:27:55 AM org.openqa.selenium.remote.RemoteWebDriver checkNonW3CCapabilities
WARNING: Support for Legacy Capabilities is deprecated; You are sending the following invalid capabilities: [app, browserstack.key, browserstack.user, build, device, name, os_version, project]; Please update to W3C Syntax: https://www.selenium.dev/blog/2022/legacy-protocol-support/
февр. 07, 2023 11:28:21 AM org.openqa.selenium.remote.ProtocolHandshake createSession
WARNING: Support for Legacy Capabilities is deprecated; You are sending the following invalid capabilities: [app, browserstack.key, browserstack.user, build, device, name, os_version, project]; Please update to W3C Syntax: https://www.selenium.dev/blog/2022/legacy-protocol-support/
]]></system-err>
</testsuite>
